0 info it worked if it ends with ok
1 verbose cli [ '/usr/bin/node',
1 verbose cli   '/usr/bin/npm',
1 verbose cli   'install',
1 verbose cli   '--save',
1 verbose cli   'jquery',
1 verbose cli   'popper.js.' ]
2 info using npm@3.10.10
3 info using node@v6.10.2
4 silly loadCurrentTree Starting
5 silly install loadCurrentTree
6 silly install readLocalPackageData
7 silly fetchPackageMetaData jquery
8 silly fetchPackageMetaData popper.js.
9 silly fetchNamedPackageData jquery
10 silly mapToRegistry name jquery
11 silly mapToRegistry using default registry
12 silly mapToRegistry registry https://registry.npmjs.org/
13 silly mapToRegistry data Result {
13 silly mapToRegistry   raw: 'jquery',
13 silly mapToRegistry   scope: null,
13 silly mapToRegistry   escapedName: 'jquery',
13 silly mapToRegistry   name: 'jquery',
13 silly mapToRegistry   rawSpec: '',
13 silly mapToRegistry   spec: 'latest',
13 silly mapToRegistry   type: 'tag' }
14 silly mapToRegistry uri https://registry.npmjs.org/jquery
15 silly fetchNamedPackageData popper.js.
16 silly mapToRegistry name popper.js.
17 silly mapToRegistry using default registry
18 silly mapToRegistry registry https://registry.npmjs.org/
19 silly mapToRegistry data Result {
19 silly mapToRegistry   raw: 'popper.js.',
19 silly mapToRegistry   scope: null,
19 silly mapToRegistry   escapedName: 'popper.js.',
19 silly mapToRegistry   name: 'popper.js.',
19 silly mapToRegistry   rawSpec: '',
19 silly mapToRegistry   spec: 'latest',
19 silly mapToRegistry   type: 'tag' }
20 silly mapToRegistry uri https://registry.npmjs.org/popper.js.
21 verbose request uri https://registry.npmjs.org/jquery
22 verbose request no auth needed
23 info attempt registry request try #1 at 4:16:45 PM
24 verbose request id 837bc56422634277
25 http request GET https://registry.npmjs.org/jquery
26 verbose request uri https://registry.npmjs.org/popper.js.
27 verbose request no auth needed
28 info attempt registry request try #1 at 4:16:45 PM
29 http request GET https://registry.npmjs.org/popper.js.
30 http 200 https://registry.npmjs.org/jquery
31 verbose headers { date: 'Sat, 30 Apr 2022 23:16:45 GMT',
31 verbose headers   'content-type': 'application/json',
31 verbose headers   'transfer-encoding': 'chunked',
31 verbose headers   connection: 'keep-alive',
31 verbose headers   'cf-ray': '7043fca969780d9c-SEA',
31 verbose headers   'access-control-allow-origin': '*',
31 verbose headers   age: '145',
31 verbose headers   'cache-control': 'public, max-age=300',
31 verbose headers   etag: 'W/"c1f5a7517712fa1938e03da29a0c1ea5"',
31 verbose headers   'last-modified': 'Wed, 30 Mar 2022 07:55:13 GMT',
31 verbose headers   vary: 'accept-encoding, accept',
31 verbose headers   'cf-cache-status': 'HIT',
31 verbose headers   'expect-ct': 'max-age=604800, report-uri="https://report-uri.cloudflare.com/cdn-cgi/beacon/expect-ct"',
31 verbose headers   'x-amz-replication-status': 'PENDING',
31 verbose headers   server: 'cloudflare',
31 verbose headers   'content-encoding': 'gzip' }
32 silly get cb [ 200,
32 silly get   { date: 'Sat, 30 Apr 2022 23:16:45 GMT',
32 silly get     'content-type': 'application/json',
32 silly get     'transfer-encoding': 'chunked',
32 silly get     connection: 'keep-alive',
32 silly get     'cf-ray': '7043fca969780d9c-SEA',
32 silly get     'access-control-allow-origin': '*',
32 silly get     age: '145',
32 silly get     'cache-control': 'public, max-age=300',
32 silly get     etag: 'W/"c1f5a7517712fa1938e03da29a0c1ea5"',
32 silly get     'last-modified': 'Wed, 30 Mar 2022 07:55:13 GMT',
32 silly get     vary: 'accept-encoding, accept',
32 silly get     'cf-cache-status': 'HIT',
32 silly get     'expect-ct': 'max-age=604800, report-uri="https://report-uri.cloudflare.com/cdn-cgi/beacon/expect-ct"',
32 silly get     'x-amz-replication-status': 'PENDING',
32 silly get     server: 'cloudflare',
32 silly get     'content-encoding': 'gzip' } ]
33 verbose get saving jquery to /nfs/stak/users/tungh/.npm/registry.npmjs.org/jquery/.cache.json
34 verbose correctMkdir /nfs/stak/users/tungh/.npm correctMkdir not in flight; initializing
35 http 404 https://registry.npmjs.org/popper.js.
36 verbose headers { date: 'Sat, 30 Apr 2022 23:16:45 GMT',
36 verbose headers   'content-type': 'application/json',
36 verbose headers   'content-length': '21',
36 verbose headers   connection: 'keep-alive',
36 verbose headers   'cf-ray': '7043fca96a3b39b9-SEA',
36 verbose headers   vary: 'Accept-Encoding',
36 verbose headers   'expect-ct': 'max-age=604800, report-uri="https://report-uri.cloudflare.com/cdn-cgi/beacon/expect-ct"',
36 verbose headers   server: 'cloudflare' }
37 silly get cb [ 404,
37 silly get   { date: 'Sat, 30 Apr 2022 23:16:45 GMT',
37 silly get     'content-type': 'application/json',
37 silly get     'content-length': '21',
37 silly get     connection: 'keep-alive',
37 silly get     'cf-ray': '7043fca96a3b39b9-SEA',
37 silly get     vary: 'Accept-Encoding',
37 silly get     'expect-ct': 'max-age=604800, report-uri="https://report-uri.cloudflare.com/cdn-cgi/beacon/expect-ct"',
37 silly get     server: 'cloudflare' } ]
38 silly fetchPackageMetaData Error: Not found : popper.js.
38 silly fetchPackageMetaData     at makeError (/usr/lib/node_modules/npm/node_modules.bundled/npm-registry-client/lib/request.js:302:12)
38 silly fetchPackageMetaData     at CachingRegistryClient.<anonymous> (/usr/lib/node_modules/npm/node_modules.bundled/npm-registry-client/lib/request.js:290:14)
38 silly fetchPackageMetaData     at Request._callback (/usr/lib/node_modules/npm/node_modules.bundled/npm-registry-client/lib/request.js:210:14)
38 silly fetchPackageMetaData     at Request.self.callback (/usr/lib/node_modules/npm/node_modules.bundled/request/request.js:187:22)
38 silly fetchPackageMetaData     at emitTwo (events.js:106:13)
38 silly fetchPackageMetaData     at Request.emit (events.js:191:7)
38 silly fetchPackageMetaData     at Request.<anonymous> (/usr/lib/node_modules/npm/node_modules.bundled/request/request.js:1048:10)
38 silly fetchPackageMetaData     at emitOne (events.js:96:13)
38 silly fetchPackageMetaData     at Request.emit (events.js:188:7)
38 silly fetchPackageMetaData     at IncomingMessage.<anonymous> (/usr/lib/node_modules/npm/node_modules.bundled/request/request.js:969:12)
38 silly fetchPackageMetaData  error for popper.js. { Error: Not found : popper.js.
38 silly fetchPackageMetaData     at makeError (/usr/lib/node_modules/npm/node_modules.bundled/npm-registry-client/lib/request.js:302:12)
38 silly fetchPackageMetaData     at CachingRegistryClient.<anonymous> (/usr/lib/node_modules/npm/node_modules.bundled/npm-registry-client/lib/request.js:290:14)
38 silly fetchPackageMetaData     at Request._callback (/usr/lib/node_modules/npm/node_modules.bundled/npm-registry-client/lib/request.js:210:14)
38 silly fetchPackageMetaData     at Request.self.callback (/usr/lib/node_modules/npm/node_modules.bundled/request/request.js:187:22)
38 silly fetchPackageMetaData     at emitTwo (events.js:106:13)
38 silly fetchPackageMetaData     at Request.emit (events.js:191:7)
38 silly fetchPackageMetaData     at Request.<anonymous> (/usr/lib/node_modules/npm/node_modules.bundled/request/request.js:1048:10)
38 silly fetchPackageMetaData     at emitOne (events.js:96:13)
38 silly fetchPackageMetaData     at Request.emit (events.js:188:7)
38 silly fetchPackageMetaData     at IncomingMessage.<anonymous> (/usr/lib/node_modules/npm/node_modules.bundled/request/request.js:969:12) pkgid: 'popper.js.', statusCode: 404, code: 'E404' }
39 silly rollbackFailedOptional Starting
40 silly rollbackFailedOptional Finishing
41 silly runTopLevelLifecycles Finishing
42 silly install printInstalled
43 verbose stack Error: Not found : popper.js.
43 verbose stack     at makeError (/usr/lib/node_modules/npm/node_modules.bundled/npm-registry-client/lib/request.js:302:12)
43 verbose stack     at CachingRegistryClient.<anonymous> (/usr/lib/node_modules/npm/node_modules.bundled/npm-registry-client/lib/request.js:290:14)
43 verbose stack     at Request._callback (/usr/lib/node_modules/npm/node_modules.bundled/npm-registry-client/lib/request.js:210:14)
43 verbose stack     at Request.self.callback (/usr/lib/node_modules/npm/node_modules.bundled/request/request.js:187:22)
43 verbose stack     at emitTwo (events.js:106:13)
43 verbose stack     at Request.emit (events.js:191:7)
43 verbose stack     at Request.<anonymous> (/usr/lib/node_modules/npm/node_modules.bundled/request/request.js:1048:10)
43 verbose stack     at emitOne (events.js:96:13)
43 verbose stack     at Request.emit (events.js:188:7)
43 verbose stack     at IncomingMessage.<anonymous> (/usr/lib/node_modules/npm/node_modules.bundled/request/request.js:969:12)
44 verbose statusCode 404
45 verbose pkgid popper.js.
46 verbose cwd /nfs/stak/users/tungh/cs467/project/HealthQuant
47 error Linux 3.10.0-1160.59.1.el7.x86_64
48 error argv "/usr/bin/node" "/usr/bin/npm" "install" "--save" "jquery" "popper.js."
49 error node v6.10.2
50 error npm  v3.10.10
51 error code E404
52 error 404 Not found : popper.js.
53 error 404
54 error 404 'popper.js.' is not in the npm registry.
55 error 404 You should bug the author to publish it (or use the name yourself!)
56 error 404 Note that you can also install from a
57 error 404 tarball, folder, http url, or git url.
58 verbose exit [ 1, true ]
